2025-06-12 18:47:54,516  INFO  ========================================
2025-06-12 18:47:54,516  INFO        TSP GA Solver - Interactive Menu
2025-06-12 18:47:54,516  INFO  ========================================
2025-06-12 18:48:36,620  INFO  ============================================================
2025-06-12 18:48:36,621  INFO   🤖 Mode 1: Find Specific Cost (Self-Tuning Solver)
2025-06-12 18:48:36,621  INFO  ============================================================
2025-06-12 18:48:36,630  INFO  Loaded TSP instance with 16 cities.
2025-06-12 18:48:36,630  INFO  
========================= Attempt 1/100 =========================
2025-06-12 18:48:38,092  INFO  
Attempt 1: Current Cost = 6870.0, Target = 7000.0
2025-06-12 18:48:38,092  INFO  New best cost found: 6870.0
2025-06-12 18:48:38,092  INFO  Adjusted parameters: {'population_size': 100, 'max_gens': 1000, 'cx_prob': 0.9, 'mut_prob': 0.1, 'tournament_size': 4}
2025-06-12 18:48:38,092  INFO  
========================= Attempt 2/100 =========================
2025-06-12 18:48:39,550  INFO  
Attempt 2: Current Cost = 6950.0, Target = 7000.0
2025-06-12 18:48:39,550  INFO  Adjusted parameters: {'population_size': 100, 'max_gens': 1000, 'cx_prob': 0.9, 'mut_prob': 0.1, 'tournament_size': 4}
2025-06-12 18:48:39,550  INFO  
========================= Attempt 3/100 =========================
2025-06-12 18:48:41,023  INFO  
Attempt 3: Current Cost = 6875.0, Target = 7000.0
2025-06-12 18:48:41,023  INFO  Adjusted parameters: {'population_size': 100, 'max_gens': 1000, 'cx_prob': 0.9, 'mut_prob': 0.1, 'tournament_size': 4}
2025-06-12 18:48:41,023  INFO  
========================= Attempt 4/100 =========================
2025-06-12 18:48:42,496  INFO  
Attempt 4: Current Cost = 6859.0, Target = 7000.0
2025-06-12 18:48:42,496  INFO  New best cost found: 6859.0
2025-06-12 18:48:42,496  INFO  Adjusted parameters: {'population_size': 100, 'max_gens': 1000, 'cx_prob': 0.9, 'mut_prob': 0.1, 'tournament_size': 4}
2025-06-12 18:48:42,496  INFO  
========================= Attempt 5/100 =========================
2025-06-12 18:48:43,970  INFO  
Attempt 5: Current Cost = 6859.0, Target = 7000.0
2025-06-12 18:48:43,970  INFO  Adjusted parameters: {'population_size': 100, 'max_gens': 1000, 'cx_prob': 0.9, 'mut_prob': 0.1, 'tournament_size': 4}
2025-06-12 18:48:43,970  INFO  
========================= Attempt 6/100 =========================
2025-06-12 18:48:45,468  INFO  
Attempt 6: Current Cost = 6859.0, Target = 7000.0
2025-06-12 18:48:45,468  INFO  Adjusted parameters: {'population_size': 100, 'max_gens': 1000, 'cx_prob': 0.9, 'mut_prob': 0.1, 'tournament_size': 4}
2025-06-12 18:48:45,468  INFO  
========================= Attempt 7/100 =========================
2025-06-12 18:48:46,944  INFO  
Attempt 7: Current Cost = 6909.0, Target = 7000.0
2025-06-12 18:48:46,944  INFO  Adjusted parameters: {'population_size': 100, 'max_gens': 1000, 'cx_prob': 0.9, 'mut_prob': 0.1, 'tournament_size': 4}
2025-06-12 18:48:46,944  INFO  
========================= Attempt 8/100 =========================
2025-06-12 18:48:48,432  INFO  
Attempt 8: Current Cost = 6859.0, Target = 7000.0
2025-06-12 18:48:48,432  INFO  Adjusted parameters: {'population_size': 100, 'max_gens': 1000, 'cx_prob': 0.9, 'mut_prob': 0.1, 'tournament_size': 4}
2025-06-12 18:48:48,432  INFO  
========================= Attempt 9/100 =========================
2025-06-12 18:48:49,909  INFO  
Attempt 9: Current Cost = 6909.0, Target = 7000.0
2025-06-12 18:48:49,910  INFO  Adjusted parameters: {'population_size': 100, 'max_gens': 1000, 'cx_prob': 0.9, 'mut_prob': 0.1, 'tournament_size': 4}
2025-06-12 18:48:49,910  INFO  
========================= Attempt 10/100 =========================
2025-06-12 18:48:51,412  INFO  
Attempt 10: Current Cost = 6865.0, Target = 7000.0
2025-06-12 18:48:51,412  INFO  Adjusted parameters: {'population_size': 100, 'max_gens': 1000, 'cx_prob': 0.9, 'mut_prob': 0.1, 'tournament_size': 4}
2025-06-12 18:48:51,412  INFO  
========================= Attempt 11/100 =========================
2025-06-12 18:48:52,898  INFO  
Attempt 11: Current Cost = 6909.0, Target = 7000.0
2025-06-12 18:48:52,898  INFO  Adjusted parameters: {'population_size': 100, 'max_gens': 1000, 'cx_prob': 0.9, 'mut_prob': 0.1, 'tournament_size': 4}
2025-06-12 18:48:52,898  INFO  
========================= Attempt 12/100 =========================
2025-06-12 18:48:54,380  INFO  
Attempt 12: Current Cost = 6875.0, Target = 7000.0
2025-06-12 18:48:54,381  INFO  Adjusted parameters: {'population_size': 100, 'max_gens': 1000, 'cx_prob': 0.9, 'mut_prob': 0.1, 'tournament_size': 4}
2025-06-12 18:48:54,381  INFO  
========================= Attempt 13/100 =========================
2025-06-12 18:48:55,885  INFO  
Attempt 13: Current Cost = 6909.0, Target = 7000.0
2025-06-12 18:48:55,885  INFO  Adjusted parameters: {'population_size': 100, 'max_gens': 1000, 'cx_prob': 0.9, 'mut_prob': 0.1, 'tournament_size': 4}
2025-06-12 18:48:55,885  INFO  
========================= Attempt 14/100 =========================
2025-06-12 18:48:57,393  INFO  
Attempt 14: Current Cost = 6875.0, Target = 7000.0
2025-06-12 18:48:57,393  INFO  Adjusted parameters: {'population_size': 100, 'max_gens': 1000, 'cx_prob': 0.9, 'mut_prob': 0.1, 'tournament_size': 4}
2025-06-12 18:48:57,393  INFO  
========================= Attempt 15/100 =========================
2025-06-12 18:48:58,912  INFO  
Attempt 15: Current Cost = 6875.0, Target = 7000.0
2025-06-12 18:48:58,912  INFO  Adjusted parameters: {'population_size': 100, 'max_gens': 1000, 'cx_prob': 0.9, 'mut_prob': 0.1, 'tournament_size': 4}
2025-06-12 18:48:58,912  INFO  
========================= Attempt 16/100 =========================
2025-06-12 18:49:00,442  INFO  
Attempt 16: Current Cost = 6859.0, Target = 7000.0
2025-06-12 18:49:00,442  INFO  Adjusted parameters: {'population_size': 100, 'max_gens': 1000, 'cx_prob': 0.9, 'mut_prob': 0.1, 'tournament_size': 4}
2025-06-12 18:49:00,442  INFO  
========================= Attempt 17/100 =========================
2025-06-12 18:49:01,935  INFO  
Attempt 17: Current Cost = 6859.0, Target = 7000.0
2025-06-12 18:49:01,935  INFO  Adjusted parameters: {'population_size': 100, 'max_gens': 1000, 'cx_prob': 0.9, 'mut_prob': 0.1, 'tournament_size': 4}
2025-06-12 18:49:01,935  INFO  
========================= Attempt 18/100 =========================
2025-06-12 18:49:03,444  INFO  
Attempt 18: Current Cost = 6875.0, Target = 7000.0
2025-06-12 18:49:03,444  INFO  Adjusted parameters: {'population_size': 100, 'max_gens': 1000, 'cx_prob': 0.9, 'mut_prob': 0.1, 'tournament_size': 4}
2025-06-12 18:49:03,444  INFO  
========================= Attempt 19/100 =========================
2025-06-12 18:49:04,941  INFO  
Attempt 19: Current Cost = 6875.0, Target = 7000.0
2025-06-12 18:49:04,941  INFO  Adjusted parameters: {'population_size': 100, 'max_gens': 1000, 'cx_prob': 0.9, 'mut_prob': 0.1, 'tournament_size': 4}
2025-06-12 18:49:04,942  INFO  
========================= Attempt 20/100 =========================
2025-06-12 18:49:06,434  INFO  
Attempt 20: Current Cost = 6875.0, Target = 7000.0
2025-06-12 18:49:06,434  INFO  Adjusted parameters: {'population_size': 100, 'max_gens': 1000, 'cx_prob': 0.9, 'mut_prob': 0.1, 'tournament_size': 4}
2025-06-12 18:49:06,434  INFO  
========================= Attempt 21/100 =========================
2025-06-12 18:49:07,949  INFO  
Attempt 21: Current Cost = 6859.0, Target = 7000.0
2025-06-12 18:49:07,950  INFO  Adjusted parameters: {'population_size': 100, 'max_gens': 1000, 'cx_prob': 0.9, 'mut_prob': 0.1, 'tournament_size': 4}
2025-06-12 18:49:07,950  INFO  
========================= Attempt 22/100 =========================
2025-06-12 18:49:09,512  INFO  
Attempt 22: Current Cost = 6859.0, Target = 7000.0
2025-06-12 18:49:09,512  INFO  Adjusted parameters: {'population_size': 100, 'max_gens': 1000, 'cx_prob': 0.9, 'mut_prob': 0.1, 'tournament_size': 4}
2025-06-12 18:49:09,512  INFO  
========================= Attempt 23/100 =========================
2025-06-12 18:49:11,038  INFO  
Attempt 23: Current Cost = 6859.0, Target = 7000.0
2025-06-12 18:49:11,038  INFO  Adjusted parameters: {'population_size': 100, 'max_gens': 1000, 'cx_prob': 0.9, 'mut_prob': 0.1, 'tournament_size': 4}
2025-06-12 18:49:11,038  INFO  
========================= Attempt 24/100 =========================
2025-06-12 18:49:12,580  INFO  
Attempt 24: Current Cost = 6909.0, Target = 7000.0
2025-06-12 18:49:12,580  INFO  Adjusted parameters: {'population_size': 100, 'max_gens': 1000, 'cx_prob': 0.9, 'mut_prob': 0.1, 'tournament_size': 4}
2025-06-12 18:49:12,580  INFO  
========================= Attempt 25/100 =========================
2025-06-12 18:49:14,130  INFO  
Attempt 25: Current Cost = 6909.0, Target = 7000.0
2025-06-12 18:49:14,131  INFO  Adjusted parameters: {'population_size': 100, 'max_gens': 1000, 'cx_prob': 0.9, 'mut_prob': 0.1, 'tournament_size': 4}
2025-06-12 18:49:14,131  INFO  
========================= Attempt 26/100 =========================
2025-06-12 18:49:15,663  INFO  
Attempt 26: Current Cost = 6903.0, Target = 7000.0
2025-06-12 18:49:15,663  INFO  Adjusted parameters: {'population_size': 100, 'max_gens': 1000, 'cx_prob': 0.9, 'mut_prob': 0.1, 'tournament_size': 4}
2025-06-12 18:49:15,663  INFO  
========================= Attempt 27/100 =========================
2025-06-12 18:49:17,221  INFO  
Attempt 27: Current Cost = 6875.0, Target = 7000.0
2025-06-12 18:49:17,221  INFO  Adjusted parameters: {'population_size': 100, 'max_gens': 1000, 'cx_prob': 0.9, 'mut_prob': 0.1, 'tournament_size': 4}
2025-06-12 18:49:17,221  INFO  
========================= Attempt 28/100 =========================
2025-06-12 18:49:18,755  INFO  
Attempt 28: Current Cost = 6909.0, Target = 7000.0
2025-06-12 18:49:18,755  INFO  Adjusted parameters: {'population_size': 100, 'max_gens': 1000, 'cx_prob': 0.9, 'mut_prob': 0.1, 'tournament_size': 4}
2025-06-12 18:49:18,755  INFO  
========================= Attempt 29/100 =========================
2025-06-12 18:49:20,285  INFO  
Attempt 29: Current Cost = 6909.0, Target = 7000.0
2025-06-12 18:49:20,285  INFO  Adjusted parameters: {'population_size': 100, 'max_gens': 1000, 'cx_prob': 0.9, 'mut_prob': 0.1, 'tournament_size': 4}
2025-06-12 18:49:20,285  INFO  
========================= Attempt 30/100 =========================
2025-06-12 18:49:21,842  INFO  
Attempt 30: Current Cost = 6859.0, Target = 7000.0
2025-06-12 18:49:21,842  INFO  Adjusted parameters: {'population_size': 100, 'max_gens': 1000, 'cx_prob': 0.9, 'mut_prob': 0.1, 'tournament_size': 4}
2025-06-12 18:49:21,842  INFO  
========================= Attempt 31/100 =========================
2025-06-12 18:49:23,395  INFO  
Attempt 31: Current Cost = 6859.0, Target = 7000.0
2025-06-12 18:49:23,395  INFO  Adjusted parameters: {'population_size': 100, 'max_gens': 1000, 'cx_prob': 0.9, 'mut_prob': 0.1, 'tournament_size': 4}
2025-06-12 18:49:23,395  INFO  
========================= Attempt 32/100 =========================
2025-06-12 18:49:24,897  INFO  
Attempt 32: Current Cost = 6875.0, Target = 7000.0
2025-06-12 18:49:24,897  INFO  Adjusted parameters: {'population_size': 100, 'max_gens': 1000, 'cx_prob': 0.9, 'mut_prob': 0.1, 'tournament_size': 4}
2025-06-12 18:49:24,897  INFO  
========================= Attempt 33/100 =========================
2025-06-12 18:49:26,427  INFO  
Attempt 33: Current Cost = 6865.0, Target = 7000.0
2025-06-12 18:49:26,427  INFO  Adjusted parameters: {'population_size': 100, 'max_gens': 1000, 'cx_prob': 0.9, 'mut_prob': 0.1, 'tournament_size': 4}
2025-06-12 18:49:26,427  INFO  
========================= Attempt 34/100 =========================
2025-06-12 18:49:27,971  INFO  
Attempt 34: Current Cost = 6859.0, Target = 7000.0
2025-06-12 18:49:27,971  INFO  Adjusted parameters: {'population_size': 100, 'max_gens': 1000, 'cx_prob': 0.9, 'mut_prob': 0.1, 'tournament_size': 4}
2025-06-12 18:49:27,971  INFO  
========================= Attempt 35/100 =========================
2025-06-12 18:49:29,535  INFO  
Attempt 35: Current Cost = 6859.0, Target = 7000.0
2025-06-12 18:49:29,535  INFO  Adjusted parameters: {'population_size': 100, 'max_gens': 1000, 'cx_prob': 0.9, 'mut_prob': 0.1, 'tournament_size': 4}
2025-06-12 18:49:29,535  INFO  
========================= Attempt 36/100 =========================
2025-06-12 18:49:31,071  INFO  
Attempt 36: Current Cost = 6875.0, Target = 7000.0
2025-06-12 18:49:31,072  INFO  Adjusted parameters: {'population_size': 100, 'max_gens': 1000, 'cx_prob': 0.9, 'mut_prob': 0.1, 'tournament_size': 4}
2025-06-12 18:49:31,072  INFO  
========================= Attempt 37/100 =========================
2025-06-12 18:49:32,598  INFO  
Attempt 37: Current Cost = 6859.0, Target = 7000.0
2025-06-12 18:49:32,598  INFO  Adjusted parameters: {'population_size': 100, 'max_gens': 1000, 'cx_prob': 0.9, 'mut_prob': 0.1, 'tournament_size': 4}
2025-06-12 18:49:32,598  INFO  
========================= Attempt 38/100 =========================
2025-06-12 18:49:34,147  INFO  
Attempt 38: Current Cost = 6909.0, Target = 7000.0
2025-06-12 18:49:34,147  INFO  Adjusted parameters: {'population_size': 100, 'max_gens': 1000, 'cx_prob': 0.9, 'mut_prob': 0.1, 'tournament_size': 4}
2025-06-12 18:49:34,147  INFO  
========================= Attempt 39/100 =========================
2025-06-12 18:49:35,733  INFO  
Attempt 39: Current Cost = 6859.0, Target = 7000.0
2025-06-12 18:49:35,734  INFO  Adjusted parameters: {'population_size': 100, 'max_gens': 1000, 'cx_prob': 0.9, 'mut_prob': 0.1, 'tournament_size': 4}
2025-06-12 18:49:35,734  INFO  
========================= Attempt 40/100 =========================
2025-06-12 18:49:37,271  INFO  
Attempt 40: Current Cost = 6859.0, Target = 7000.0
2025-06-12 18:49:37,271  INFO  Adjusted parameters: {'population_size': 100, 'max_gens': 1000, 'cx_prob': 0.9, 'mut_prob': 0.1, 'tournament_size': 4}
2025-06-12 18:49:37,271  INFO  
========================= Attempt 41/100 =========================
2025-06-12 18:49:38,817  INFO  
Attempt 41: Current Cost = 6859.0, Target = 7000.0
2025-06-12 18:49:38,817  INFO  Adjusted parameters: {'population_size': 100, 'max_gens': 1000, 'cx_prob': 0.9, 'mut_prob': 0.1, 'tournament_size': 4}
2025-06-12 18:49:38,817  INFO  
========================= Attempt 42/100 =========================
2025-06-12 18:49:40,365  INFO  
Attempt 42: Current Cost = 6859.0, Target = 7000.0
2025-06-12 18:49:40,365  INFO  Adjusted parameters: {'population_size': 100, 'max_gens': 1000, 'cx_prob': 0.9, 'mut_prob': 0.1, 'tournament_size': 4}
2025-06-12 18:49:40,365  INFO  
========================= Attempt 43/100 =========================
2025-06-12 18:49:41,902  INFO  
Attempt 43: Current Cost = 6859.0, Target = 7000.0
2025-06-12 18:49:41,902  INFO  Adjusted parameters: {'population_size': 100, 'max_gens': 1000, 'cx_prob': 0.9, 'mut_prob': 0.1, 'tournament_size': 4}
2025-06-12 18:49:41,902  INFO  
========================= Attempt 44/100 =========================
2025-06-12 18:49:43,466  INFO  
Attempt 44: Current Cost = 6913.0, Target = 7000.0
2025-06-12 18:49:43,466  INFO  Adjusted parameters: {'population_size': 100, 'max_gens': 1000, 'cx_prob': 0.9, 'mut_prob': 0.1, 'tournament_size': 4}
2025-06-12 18:49:43,466  INFO  
========================= Attempt 45/100 =========================
2025-06-12 18:49:45,047  INFO  
Attempt 45: Current Cost = 6859.0, Target = 7000.0
2025-06-12 18:49:45,047  INFO  Adjusted parameters: {'population_size': 100, 'max_gens': 1000, 'cx_prob': 0.9, 'mut_prob': 0.1, 'tournament_size': 4}
2025-06-12 18:49:45,047  INFO  
========================= Attempt 46/100 =========================
2025-06-12 18:49:46,656  INFO  
Attempt 46: Current Cost = 6875.0, Target = 7000.0
2025-06-12 18:49:46,656  INFO  Adjusted parameters: {'population_size': 100, 'max_gens': 1000, 'cx_prob': 0.9, 'mut_prob': 0.1, 'tournament_size': 4}
2025-06-12 18:49:46,656  INFO  
========================= Attempt 47/100 =========================
2025-06-12 18:49:48,276  INFO  
Attempt 47: Current Cost = 6909.0, Target = 7000.0
2025-06-12 18:49:48,276  INFO  Adjusted parameters: {'population_size': 100, 'max_gens': 1000, 'cx_prob': 0.9, 'mut_prob': 0.1, 'tournament_size': 4}
2025-06-12 18:49:48,276  INFO  
========================= Attempt 48/100 =========================
2025-06-12 18:49:49,811  INFO  
Attempt 48: Current Cost = 6870.0, Target = 7000.0
2025-06-12 18:49:49,811  INFO  Adjusted parameters: {'population_size': 100, 'max_gens': 1000, 'cx_prob': 0.9, 'mut_prob': 0.1, 'tournament_size': 4}
2025-06-12 18:49:49,811  INFO  
========================= Attempt 49/100 =========================
2025-06-12 18:49:51,353  INFO  
Attempt 49: Current Cost = 6859.0, Target = 7000.0
2025-06-12 18:49:51,353  INFO  Adjusted parameters: {'population_size': 100, 'max_gens': 1000, 'cx_prob': 0.9, 'mut_prob': 0.1, 'tournament_size': 4}
2025-06-12 18:49:51,353  INFO  
========================= Attempt 50/100 =========================
2025-06-12 18:49:52,864  INFO  
Attempt 50: Current Cost = 6909.0, Target = 7000.0
2025-06-12 18:49:52,864  INFO  Adjusted parameters: {'population_size': 100, 'max_gens': 1000, 'cx_prob': 0.9, 'mut_prob': 0.1, 'tournament_size': 4}
2025-06-12 18:49:52,864  INFO  
========================= Attempt 51/100 =========================
2025-06-12 18:49:54,391  INFO  
Attempt 51: Current Cost = 6859.0, Target = 7000.0
2025-06-12 18:49:54,391  INFO  Adjusted parameters: {'population_size': 100, 'max_gens': 1000, 'cx_prob': 0.9, 'mut_prob': 0.1, 'tournament_size': 4}
2025-06-12 18:49:54,392  INFO  
========================= Attempt 52/100 =========================
2025-06-12 18:49:55,901  INFO  
Attempt 52: Current Cost = 6870.0, Target = 7000.0
2025-06-12 18:49:55,901  INFO  Adjusted parameters: {'population_size': 100, 'max_gens': 1000, 'cx_prob': 0.9, 'mut_prob': 0.1, 'tournament_size': 4}
2025-06-12 18:49:55,901  INFO  
========================= Attempt 53/100 =========================
2025-06-12 18:49:57,460  INFO  
Attempt 53: Current Cost = 6875.0, Target = 7000.0
2025-06-12 18:49:57,460  INFO  Adjusted parameters: {'population_size': 100, 'max_gens': 1000, 'cx_prob': 0.9, 'mut_prob': 0.1, 'tournament_size': 4}
2025-06-12 18:49:57,460  INFO  
========================= Attempt 54/100 =========================
2025-06-12 18:49:58,999  INFO  
Attempt 54: Current Cost = 6909.0, Target = 7000.0
2025-06-12 18:49:59,000  INFO  Adjusted parameters: {'population_size': 100, 'max_gens': 1000, 'cx_prob': 0.9, 'mut_prob': 0.1, 'tournament_size': 4}
2025-06-12 18:49:59,000  INFO  
========================= Attempt 55/100 =========================
2025-06-12 18:50:00,521  INFO  
Attempt 55: Current Cost = 6909.0, Target = 7000.0
2025-06-12 18:50:00,522  INFO  Adjusted parameters: {'population_size': 100, 'max_gens': 1000, 'cx_prob': 0.9, 'mut_prob': 0.1, 'tournament_size': 4}
2025-06-12 18:50:00,522  INFO  
========================= Attempt 56/100 =========================
2025-06-12 18:50:02,068  INFO  
Attempt 56: Current Cost = 6859.0, Target = 7000.0
2025-06-12 18:50:02,068  INFO  Adjusted parameters: {'population_size': 100, 'max_gens': 1000, 'cx_prob': 0.9, 'mut_prob': 0.1, 'tournament_size': 4}
2025-06-12 18:50:02,068  INFO  
========================= Attempt 57/100 =========================
2025-06-12 18:50:03,611  INFO  
Attempt 57: Current Cost = 6909.0, Target = 7000.0
2025-06-12 18:50:03,611  INFO  Adjusted parameters: {'population_size': 100, 'max_gens': 1000, 'cx_prob': 0.9, 'mut_prob': 0.1, 'tournament_size': 4}
2025-06-12 18:50:03,611  INFO  
========================= Attempt 58/100 =========================
2025-06-12 18:50:05,119  INFO  
Attempt 58: Current Cost = 6875.0, Target = 7000.0
2025-06-12 18:50:05,119  INFO  Adjusted parameters: {'population_size': 100, 'max_gens': 1000, 'cx_prob': 0.9, 'mut_prob': 0.1, 'tournament_size': 4}
2025-06-12 18:50:05,119  INFO  
========================= Attempt 59/100 =========================
2025-06-12 18:50:06,631  INFO  
Attempt 59: Current Cost = 6951.0, Target = 7000.0
2025-06-12 18:50:06,631  INFO  Adjusted parameters: {'population_size': 100, 'max_gens': 1000, 'cx_prob': 0.9, 'mut_prob': 0.1, 'tournament_size': 4}
2025-06-12 18:50:06,632  INFO  
========================= Attempt 60/100 =========================
2025-06-12 18:50:08,142  INFO  
Attempt 60: Current Cost = 6865.0, Target = 7000.0
2025-06-12 18:50:08,143  INFO  Adjusted parameters: {'population_size': 100, 'max_gens': 1000, 'cx_prob': 0.9, 'mut_prob': 0.1, 'tournament_size': 4}
2025-06-12 18:50:08,143  INFO  
========================= Attempt 61/100 =========================
2025-06-12 18:50:09,683  INFO  
Attempt 61: Current Cost = 6859.0, Target = 7000.0
2025-06-12 18:50:09,684  INFO  Adjusted parameters: {'population_size': 100, 'max_gens': 1000, 'cx_prob': 0.9, 'mut_prob': 0.1, 'tournament_size': 4}
2025-06-12 18:50:09,684  INFO  
========================= Attempt 62/100 =========================
2025-06-12 18:50:11,240  INFO  
Attempt 62: Current Cost = 6859.0, Target = 7000.0
2025-06-12 18:50:11,240  INFO  Adjusted parameters: {'population_size': 100, 'max_gens': 1000, 'cx_prob': 0.9, 'mut_prob': 0.1, 'tournament_size': 4}
2025-06-12 18:50:11,240  INFO  
========================= Attempt 63/100 =========================
2025-06-12 18:50:12,818  INFO  
Attempt 63: Current Cost = 6974.0, Target = 7000.0
2025-06-12 18:50:12,818  INFO  Adjusted parameters: {'population_size': 100, 'max_gens': 1000, 'cx_prob': 0.9, 'mut_prob': 0.1, 'tournament_size': 4}
2025-06-12 18:50:12,818  INFO  
========================= Attempt 64/100 =========================
2025-06-12 18:50:14,349  INFO  
Attempt 64: Current Cost = 6865.0, Target = 7000.0
2025-06-12 18:50:14,349  INFO  Adjusted parameters: {'population_size': 100, 'max_gens': 1000, 'cx_prob': 0.9, 'mut_prob': 0.1, 'tournament_size': 4}
2025-06-12 18:50:14,350  INFO  
========================= Attempt 65/100 =========================
2025-06-12 18:50:15,867  INFO  
Attempt 65: Current Cost = 6859.0, Target = 7000.0
2025-06-12 18:50:15,867  INFO  Adjusted parameters: {'population_size': 100, 'max_gens': 1000, 'cx_prob': 0.9, 'mut_prob': 0.1, 'tournament_size': 4}
2025-06-12 18:50:15,867  INFO  
========================= Attempt 66/100 =========================
2025-06-12 18:50:17,404  INFO  
Attempt 66: Current Cost = 6909.0, Target = 7000.0
2025-06-12 18:50:17,404  INFO  Adjusted parameters: {'population_size': 100, 'max_gens': 1000, 'cx_prob': 0.9, 'mut_prob': 0.1, 'tournament_size': 4}
2025-06-12 18:50:17,404  INFO  
========================= Attempt 67/100 =========================
2025-06-12 18:50:18,912  INFO  
Attempt 67: Current Cost = 6909.0, Target = 7000.0
2025-06-12 18:50:18,913  INFO  Adjusted parameters: {'population_size': 100, 'max_gens': 1000, 'cx_prob': 0.9, 'mut_prob': 0.1, 'tournament_size': 4}
2025-06-12 18:50:18,913  INFO  
========================= Attempt 68/100 =========================
2025-06-12 18:50:20,423  INFO  
Attempt 68: Current Cost = 6865.0, Target = 7000.0
2025-06-12 18:50:20,423  INFO  Adjusted parameters: {'population_size': 100, 'max_gens': 1000, 'cx_prob': 0.9, 'mut_prob': 0.1, 'tournament_size': 4}
2025-06-12 18:50:20,423  INFO  
========================= Attempt 69/100 =========================
2025-06-12 18:50:21,949  INFO  
Attempt 69: Current Cost = 6870.0, Target = 7000.0
2025-06-12 18:50:21,949  INFO  Adjusted parameters: {'population_size': 100, 'max_gens': 1000, 'cx_prob': 0.9, 'mut_prob': 0.1, 'tournament_size': 4}
2025-06-12 18:50:21,950  INFO  
========================= Attempt 70/100 =========================
2025-06-12 18:50:23,459  INFO  
Attempt 70: Current Cost = 6859.0, Target = 7000.0
2025-06-12 18:50:23,459  INFO  Adjusted parameters: {'population_size': 100, 'max_gens': 1000, 'cx_prob': 0.9, 'mut_prob': 0.1, 'tournament_size': 4}
2025-06-12 18:50:23,459  INFO  
========================= Attempt 71/100 =========================
2025-06-12 18:50:24,985  INFO  
Attempt 71: Current Cost = 6909.0, Target = 7000.0
2025-06-12 18:50:24,985  INFO  Adjusted parameters: {'population_size': 100, 'max_gens': 1000, 'cx_prob': 0.9, 'mut_prob': 0.1, 'tournament_size': 4}
2025-06-12 18:50:24,985  INFO  
========================= Attempt 72/100 =========================
2025-06-12 18:50:26,544  INFO  
Attempt 72: Current Cost = 6859.0, Target = 7000.0
2025-06-12 18:50:26,544  INFO  Adjusted parameters: {'population_size': 100, 'max_gens': 1000, 'cx_prob': 0.9, 'mut_prob': 0.1, 'tournament_size': 4}
2025-06-12 18:50:26,544  INFO  
========================= Attempt 73/100 =========================
2025-06-12 18:50:28,079  INFO  
Attempt 73: Current Cost = 6865.0, Target = 7000.0
2025-06-12 18:50:28,080  INFO  Adjusted parameters: {'population_size': 100, 'max_gens': 1000, 'cx_prob': 0.9, 'mut_prob': 0.1, 'tournament_size': 4}
2025-06-12 18:50:28,080  INFO  
========================= Attempt 74/100 =========================
2025-06-12 18:50:29,594  INFO  
Attempt 74: Current Cost = 6859.0, Target = 7000.0
2025-06-12 18:50:29,595  INFO  Adjusted parameters: {'population_size': 100, 'max_gens': 1000, 'cx_prob': 0.9, 'mut_prob': 0.1, 'tournament_size': 4}
2025-06-12 18:50:29,595  INFO  
========================= Attempt 75/100 =========================
2025-06-12 18:50:31,140  INFO  
Attempt 75: Current Cost = 6859.0, Target = 7000.0
2025-06-12 18:50:31,140  INFO  Adjusted parameters: {'population_size': 100, 'max_gens': 1000, 'cx_prob': 0.9, 'mut_prob': 0.1, 'tournament_size': 4}
2025-06-12 18:50:31,140  INFO  
========================= Attempt 76/100 =========================
2025-06-12 18:50:32,654  INFO  
Attempt 76: Current Cost = 6865.0, Target = 7000.0
2025-06-12 18:50:32,655  INFO  Adjusted parameters: {'population_size': 100, 'max_gens': 1000, 'cx_prob': 0.9, 'mut_prob': 0.1, 'tournament_size': 4}
2025-06-12 18:50:32,655  INFO  
========================= Attempt 77/100 =========================
2025-06-12 18:50:34,203  INFO  
Attempt 77: Current Cost = 6875.0, Target = 7000.0
2025-06-12 18:50:34,203  INFO  Adjusted parameters: {'population_size': 100, 'max_gens': 1000, 'cx_prob': 0.9, 'mut_prob': 0.1, 'tournament_size': 4}
2025-06-12 18:50:34,203  INFO  
========================= Attempt 78/100 =========================
2025-06-12 18:50:35,766  INFO  
Attempt 78: Current Cost = 6859.0, Target = 7000.0
2025-06-12 18:50:35,766  INFO  Adjusted parameters: {'population_size': 100, 'max_gens': 1000, 'cx_prob': 0.9, 'mut_prob': 0.1, 'tournament_size': 4}
2025-06-12 18:50:35,766  INFO  
========================= Attempt 79/100 =========================
2025-06-12 18:50:37,318  INFO  
Attempt 79: Current Cost = 6859.0, Target = 7000.0
2025-06-12 18:50:37,318  INFO  Adjusted parameters: {'population_size': 100, 'max_gens': 1000, 'cx_prob': 0.9, 'mut_prob': 0.1, 'tournament_size': 4}
2025-06-12 18:50:37,318  INFO  
========================= Attempt 80/100 =========================
2025-06-12 18:50:38,894  INFO  
Attempt 80: Current Cost = 6859.0, Target = 7000.0
2025-06-12 18:50:38,894  INFO  Adjusted parameters: {'population_size': 100, 'max_gens': 1000, 'cx_prob': 0.9, 'mut_prob': 0.1, 'tournament_size': 4}
2025-06-12 18:50:38,894  INFO  
========================= Attempt 81/100 =========================
2025-06-12 18:50:40,501  INFO  
Attempt 81: Current Cost = 6859.0, Target = 7000.0
2025-06-12 18:50:40,501  INFO  Adjusted parameters: {'population_size': 100, 'max_gens': 1000, 'cx_prob': 0.9, 'mut_prob': 0.1, 'tournament_size': 4}
2025-06-12 18:50:40,501  INFO  
========================= Attempt 82/100 =========================
2025-06-12 18:50:42,065  INFO  
Attempt 82: Current Cost = 6859.0, Target = 7000.0
2025-06-12 18:50:42,065  INFO  Adjusted parameters: {'population_size': 100, 'max_gens': 1000, 'cx_prob': 0.9, 'mut_prob': 0.1, 'tournament_size': 4}
2025-06-12 18:50:42,065  INFO  
========================= Attempt 83/100 =========================
2025-06-12 18:50:43,654  INFO  
Attempt 83: Current Cost = 6865.0, Target = 7000.0
2025-06-12 18:50:43,654  INFO  Adjusted parameters: {'population_size': 100, 'max_gens': 1000, 'cx_prob': 0.9, 'mut_prob': 0.1, 'tournament_size': 4}
2025-06-12 18:50:43,654  INFO  
========================= Attempt 84/100 =========================
2025-06-12 18:50:45,227  INFO  
Attempt 84: Current Cost = 6865.0, Target = 7000.0
2025-06-12 18:50:45,227  INFO  Adjusted parameters: {'population_size': 100, 'max_gens': 1000, 'cx_prob': 0.9, 'mut_prob': 0.1, 'tournament_size': 4}
2025-06-12 18:50:45,227  INFO  
========================= Attempt 85/100 =========================
2025-06-12 18:50:46,779  INFO  
Attempt 85: Current Cost = 6859.0, Target = 7000.0
2025-06-12 18:50:46,779  INFO  Adjusted parameters: {'population_size': 100, 'max_gens': 1000, 'cx_prob': 0.9, 'mut_prob': 0.1, 'tournament_size': 4}
2025-06-12 18:50:46,779  INFO  
========================= Attempt 86/100 =========================
2025-06-12 18:50:48,345  INFO  
Attempt 86: Current Cost = 6875.0, Target = 7000.0
2025-06-12 18:50:48,345  INFO  Adjusted parameters: {'population_size': 100, 'max_gens': 1000, 'cx_prob': 0.9, 'mut_prob': 0.1, 'tournament_size': 4}
2025-06-12 18:50:48,345  INFO  
========================= Attempt 87/100 =========================
2025-06-12 18:50:49,934  INFO  
Attempt 87: Current Cost = 6870.0, Target = 7000.0
2025-06-12 18:50:49,934  INFO  Adjusted parameters: {'population_size': 100, 'max_gens': 1000, 'cx_prob': 0.9, 'mut_prob': 0.1, 'tournament_size': 4}
2025-06-12 18:50:49,934  INFO  
========================= Attempt 88/100 =========================
2025-06-12 18:50:51,527  INFO  
Attempt 88: Current Cost = 6875.0, Target = 7000.0
2025-06-12 18:50:51,527  INFO  Adjusted parameters: {'population_size': 100, 'max_gens': 1000, 'cx_prob': 0.9, 'mut_prob': 0.1, 'tournament_size': 4}
2025-06-12 18:50:51,527  INFO  
========================= Attempt 89/100 =========================
2025-06-12 18:50:53,030  INFO  
Attempt 89: Current Cost = 6875.0, Target = 7000.0
2025-06-12 18:50:53,030  INFO  Adjusted parameters: {'population_size': 100, 'max_gens': 1000, 'cx_prob': 0.9, 'mut_prob': 0.1, 'tournament_size': 4}
2025-06-12 18:50:53,030  INFO  
========================= Attempt 90/100 =========================
2025-06-12 18:50:54,577  INFO  
Attempt 90: Current Cost = 6878.0, Target = 7000.0
2025-06-12 18:50:54,577  INFO  Adjusted parameters: {'population_size': 100, 'max_gens': 1000, 'cx_prob': 0.9, 'mut_prob': 0.1, 'tournament_size': 4}
2025-06-12 18:50:54,577  INFO  
========================= Attempt 91/100 =========================
2025-06-12 18:50:56,145  INFO  
Attempt 91: Current Cost = 6909.0, Target = 7000.0
2025-06-12 18:50:56,146  INFO  Adjusted parameters: {'population_size': 100, 'max_gens': 1000, 'cx_prob': 0.9, 'mut_prob': 0.1, 'tournament_size': 4}
2025-06-12 18:50:56,146  INFO  
========================= Attempt 92/100 =========================
2025-06-12 18:50:57,705  INFO  
Attempt 92: Current Cost = 6878.0, Target = 7000.0
2025-06-12 18:50:57,705  INFO  Adjusted parameters: {'population_size': 100, 'max_gens': 1000, 'cx_prob': 0.9, 'mut_prob': 0.1, 'tournament_size': 4}
2025-06-12 18:50:57,706  INFO  
========================= Attempt 93/100 =========================
2025-06-12 18:50:59,274  INFO  
Attempt 93: Current Cost = 6875.0, Target = 7000.0
2025-06-12 18:50:59,274  INFO  Adjusted parameters: {'population_size': 100, 'max_gens': 1000, 'cx_prob': 0.9, 'mut_prob': 0.1, 'tournament_size': 4}
2025-06-12 18:50:59,274  INFO  
========================= Attempt 94/100 =========================
2025-06-12 18:51:00,824  INFO  
Attempt 94: Current Cost = 6859.0, Target = 7000.0
2025-06-12 18:51:00,825  INFO  Adjusted parameters: {'population_size': 100, 'max_gens': 1000, 'cx_prob': 0.9, 'mut_prob': 0.1, 'tournament_size': 4}
2025-06-12 18:51:00,825  INFO  
========================= Attempt 95/100 =========================
2025-06-12 18:51:02,429  INFO  
Attempt 95: Current Cost = 6875.0, Target = 7000.0
2025-06-12 18:51:02,429  INFO  Adjusted parameters: {'population_size': 100, 'max_gens': 1000, 'cx_prob': 0.9, 'mut_prob': 0.1, 'tournament_size': 4}
2025-06-12 18:51:02,429  INFO  
========================= Attempt 96/100 =========================
2025-06-12 18:51:04,002  INFO  
Attempt 96: Current Cost = 6859.0, Target = 7000.0
2025-06-12 18:51:04,002  INFO  Adjusted parameters: {'population_size': 100, 'max_gens': 1000, 'cx_prob': 0.9, 'mut_prob': 0.1, 'tournament_size': 4}
2025-06-12 18:51:04,002  INFO  
========================= Attempt 97/100 =========================
2025-06-12 18:51:05,536  INFO  
Attempt 97: Current Cost = 6865.0, Target = 7000.0
2025-06-12 18:51:05,536  INFO  Adjusted parameters: {'population_size': 100, 'max_gens': 1000, 'cx_prob': 0.9, 'mut_prob': 0.1, 'tournament_size': 4}
2025-06-12 18:51:05,536  INFO  
========================= Attempt 98/100 =========================
2025-06-12 18:51:07,095  INFO  
Attempt 98: Current Cost = 6865.0, Target = 7000.0
2025-06-12 18:51:07,095  INFO  Adjusted parameters: {'population_size': 100, 'max_gens': 1000, 'cx_prob': 0.9, 'mut_prob': 0.1, 'tournament_size': 4}
2025-06-12 18:51:07,095  INFO  
========================= Attempt 99/100 =========================
2025-06-12 18:51:08,606  INFO  
Attempt 99: Current Cost = 6859.0, Target = 7000.0
2025-06-12 18:51:08,606  INFO  Adjusted parameters: {'population_size': 100, 'max_gens': 1000, 'cx_prob': 0.9, 'mut_prob': 0.1, 'tournament_size': 4}
2025-06-12 18:51:08,606  INFO  
========================= Attempt 100/100 =========================
2025-06-12 18:51:10,150  INFO  
Attempt 100: Current Cost = 6859.0, Target = 7000.0
2025-06-12 18:51:10,150  INFO  Adjusted parameters: {'population_size': 100, 'max_gens': 1000, 'cx_prob': 0.9, 'mut_prob': 0.1, 'tournament_size': 4}
2025-06-12 18:51:10,150  INFO  
============================================================
2025-06-12 18:51:10,150  INFO   🎯 Self-Tuning Final Report
2025-06-12 18:51:10,151  INFO  ============================================================
2025-06-12 18:51:10,151  INFO  ⚠️ Exact target not met. Displaying closest result found: 6974.00 (Difference: 26.00)
2025-06-12 18:51:53,740  INFO  ------------------------------------------------------------
2025-06-12 18:51:53,740  INFO  ⚠️ Exact Target Not Met.
2025-06-12 18:51:53,740  INFO  ------------------------------------------------------------
2025-06-12 18:51:53,740  INFO  --- [Closest Result to Target] ---
2025-06-12 18:51:53,740  INFO    - Cost: 6974.00 (Difference from target: 26.00)
2025-06-12 18:51:53,740  INFO    - Parameters Used: {'population_size': 100, 'max_gens': 1000, 'cx_prob': 0.9, 'mut_prob': 0.1, 'tournament_size': 4}
2025-06-12 18:51:53,740  INFO  
--- [Best Overall Result (Lowest Cost)] ---
2025-06-12 18:51:53,740  INFO    - Cost: 6859.00
2025-06-12 18:51:53,740  INFO    - Parameters Used: {'population_size': 100, 'max_gens': 1000, 'cx_prob': 0.9, 'mut_prob': 0.1, 'tournament_size': 4}
2025-06-12 18:51:53,740  INFO  ------------------------------------------------------------
2025-06-12 18:51:53,740  INFO    - Target Cost: 7000.00
2025-06-12 18:51:53,740  INFO    - Total Attempts: 100
2025-06-12 18:51:53,740  INFO  ============================================================
2025-06-12 18:51:53,742  INFO  Tuning history saved to tuning_history.json
2025-06-12 18:51:53,742  INFO  
Generating Parameter vs. Cost plots...
