abc: ./src/misc/vec/vecPtr.h:388: Vec_PtrEntry: Assertion `i >= 0 && i < p->nSize' failed.
Command terminated by signal 6
	Command being timed: "abc -c read tsp.aig; zero; bmc -v -F 120; quit"
	User time (seconds): 0.01
	System time (seconds): 0.00
	Percent of CPU this job got: 34%
	Elapsed (wall clock) time (h:mm:ss or m:ss): 0:00.07
	Average shared text size (kbytes): 0
	Average unshared data size (kbytes): 0
	Average stack size (kbytes): 0
	Average total size (kbytes): 0
	Maximum resident set size (kbytes): 9408
	Average resident set size (kbytes): 0
	Major (requiring I/O) page faults: 51
	Minor (reclaiming a frame) page faults: 722
	Voluntary context switches: 506
	Involuntary context switches: 0
	Swaps: 0
	File system inputs: 11064
	File system outputs: 8
	Socket messages sent: 0
	Socket messages received: 0
	Signals delivered: 0
	Page size (bytes): 4096
	Exit status: 0
